2017-11-27 11:56:49  [ main:7 ] - [ ERROR ]  查询数据库错误
java.lang.NullPointerException
	at com.newnetcom.anlyze.anlyze.db.mysql.utils.JdbcUtils.findModeResult(JdbcUtils.java:167)
	at com.newnetcom.anlyze.anlyze.db.mysql.MysqlDatabaseBig.getRules(MysqlDatabaseBig.java:67)
	at com.newnetcom.anlyze.anlyze.db.mysql.MysqlDatabaseBig.<init>(MysqlDatabaseBig.java:28)
	at com.newnetcom.anlyze.TestAppMysql.main(TestAppMysql.java:9)
2017-11-27 11:56:49  [ main:36 ] - [ ERROR ]  查询数据库错误
java.lang.NullPointerException
	at com.newnetcom.anlyze.anlyze.db.mysql.utils.JdbcUtils.findModeResult(JdbcUtils.java:167)
	at com.newnetcom.anlyze.anlyze.db.mysql.MysqlDatabaseBig.getRules(MysqlDatabaseBig.java:80)
	at com.newnetcom.anlyze.anlyze.db.mysql.MysqlDatabaseBig.<init>(MysqlDatabaseBig.java:28)
	at com.newnetcom.anlyze.TestAppMysql.main(TestAppMysql.java:9)
2017-11-27 11:56:49  [ main:37 ] - [ ERROR ]  查询数据库错误
java.lang.NullPointerException
	at com.newnetcom.anlyze.anlyze.db.mysql.utils.JdbcUtils.findModeResult(JdbcUtils.java:167)
	at com.newnetcom.anlyze.anlyze.db.mysql.MysqlDatabaseBig.getRules(MysqlDatabaseBig.java:94)
	at com.newnetcom.anlyze.anlyze.db.mysql.MysqlDatabaseBig.<init>(MysqlDatabaseBig.java:28)
	at com.newnetcom.anlyze.TestAppMysql.main(TestAppMysql.java:9)
2017-11-27 13:03:21  [ main:3 ] - [ ERROR ]  查询数据库错误
java.lang.NullPointerException
	at com.newnetcom.anlyze.anlyze.db.mysql.utils.JdbcUtils.findModeResult(JdbcUtils.java:167)
	at com.newnetcom.anlyze.anlyze.db.mysql.MysqlDatabaseBig.getRules(MysqlDatabaseBig.java:67)
	at com.newnetcom.anlyze.anlyze.db.mysql.MysqlDatabaseBig.<init>(MysqlDatabaseBig.java:28)
	at com.newnetcom.anlyze.TestAppMysql.main(TestAppMysql.java:9)
2017-11-27 13:03:21  [ main:13 ] - [ ERROR ]  查询数据库错误
java.lang.NullPointerException
	at com.newnetcom.anlyze.anlyze.db.mysql.utils.JdbcUtils.findModeResult(JdbcUtils.java:167)
	at com.newnetcom.anlyze.anlyze.db.mysql.MysqlDatabaseBig.getRules(MysqlDatabaseBig.java:80)
	at com.newnetcom.anlyze.anlyze.db.mysql.MysqlDatabaseBig.<init>(MysqlDatabaseBig.java:28)
	at com.newnetcom.anlyze.TestAppMysql.main(TestAppMysql.java:9)
2017-11-27 13:03:21  [ main:14 ] - [ ERROR ]  查询数据库错误
java.lang.NullPointerException
	at com.newnetcom.anlyze.anlyze.db.mysql.utils.JdbcUtils.findModeResult(JdbcUtils.java:167)
	at com.newnetcom.anlyze.anlyze.db.mysql.MysqlDatabaseBig.getRules(MysqlDatabaseBig.java:94)
	at com.newnetcom.anlyze.anlyze.db.mysql.MysqlDatabaseBig.<init>(MysqlDatabaseBig.java:28)
	at com.newnetcom.anlyze.TestAppMysql.main(TestAppMysql.java:9)
2017-11-27 13:12:46  [ main:0 ] - [ INFO ]  18FF217B加热状态:7-2:3-16624C2B6B138B01
2017-11-27 13:12:46  [ main:5 ] - [ INFO ]  18FF217B充电连锁状态:5-2:0-16624C2B6B138B01
2017-11-27 13:12:46  [ main:5 ] - [ INFO ]  18FF217B内部总线状态:3-2:0-16624C2B6B138B01
2017-11-27 13:12:46  [ main:9 ] - [ INFO ]  18FF217BBMS系统工作状态:1-2:0-16624C2B6B138B01
2017-11-27 13:12:46  [ main:12 ] - [ INFO ]  18FF217B当前电池组总电压:8-16:500.3-16624C2B6B138B01
2017-11-27 13:12:46  [ main:12 ] - [ INFO ]  18FF217B当前电池组总电流:24-16:111.5-16624C2B6B138B01
2017-11-27 13:12:46  [ main:13 ] - [ INFO ]  18FF217B当前电池组Soc:40-8:76-16624C2B6B138B01
2017-11-27 13:12:46  [ main:13 ] - [ INFO ]  18FF217B电池组最大充电电压 :48-16:573.0-16624C2B6B138B01
2017-11-27 13:12:46  [ main:13 ] - [ INFO ]  18FB7117右转向:7-1:0-085AC00060000000
2017-11-27 13:12:46  [ main:14 ] - [ INFO ]  18FB7117左转向:6-1:0-085AC00060000000
2017-11-27 13:12:46  [ main:14 ] - [ INFO ]  18FB7117刹车灯:5-1:0-085AC00060000000
2017-11-27 13:12:46  [ main:15 ] - [ INFO ]  18FB7117倒车灯:4-1:0-085AC00060000000
2017-11-27 13:12:46  [ main:15 ] - [ INFO ]  18FB7117后雾灯:3-1:0-085AC00060000000
2017-11-27 13:12:46  [ main:15 ] - [ INFO ]  18FB7117前雾灯:2-1:0-085AC00060000000
2017-11-27 13:12:46  [ main:16 ] - [ INFO ]  18FB7117远光灯:1-1:0-085AC00060000000
2017-11-27 13:12:46  [ main:16 ] - [ INFO ]  18FB7117近光灯:0-1:0-085AC00060000000
2017-11-27 13:12:46  [ main:19 ] - [ INFO ]  18FB7117后门开信号:15-1:0-085AC00060000000
2017-11-27 13:12:46  [ main:19 ] - [ INFO ]  18FB7117前门开信号:14-1:0-085AC00060000000
2017-11-27 13:12:46  [ main:20 ] - [ INFO ]  18FB7117空档:12-1:0-085AC00060000000
2017-11-27 13:12:46  [ main:20 ] - [ INFO ]  18FB7117手刹信号:10-1:0-085AC00060000000
2017-11-27 13:12:46  [ main:21 ] - [ INFO ]  18FB7117厢灯2开关:9-1:0-085AC00060000000
2017-11-27 13:12:46  [ main:21 ] - [ INFO ]  18FB7117厢灯1开关:8-1:0-085AC00060000000
2017-11-27 13:12:46  [ main:21 ] - [ INFO ]  18FB7117路牌灯开关:23-1:0-085AC00060000000
2017-11-27 13:12:46  [ main:22 ] - [ INFO ]  18FB7117喇叭开关:22-1:0-085AC00060000000
2017-11-27 13:12:46  [ main:22 ] - [ INFO ]  18FB7117小灯开关:21-1:0-085AC00060000000
2017-11-27 13:12:46  [ main:22 ] - [ INFO ]  18FB7117水位过低信号:20-1:0-085AC00060000000
2017-11-27 13:12:46  [ main:22 ] - [ INFO ]  18FB7117空滤堵塞报警:19-1:0-085AC00060000000
2017-11-27 13:12:46  [ main:22 ] - [ INFO ]  18FB7117后舱门开关:18-1:0-085AC00060000000
2017-11-27 13:12:46  [ main:23 ] - [ INFO ]  18FB7117后应急门开关:17-1:0-085AC00060000000
2017-11-27 13:12:46  [ main:23 ] - [ INFO ]  18FB7117前应急门开关:16-1:0-085AC00060000000
2017-11-27 13:12:46  [ main:23 ] - [ INFO ]  18FB7117发动机舱温报警:31-1:0-085AC00060000000
2017-11-27 13:12:46  [ main:24 ] - [ INFO ]  18FB7117右蹄片磨损报警:30-1:0-085AC00060000000
2017-11-27 13:12:46  [ main:24 ] - [ INFO ]  18FB7117左蹄片磨损报警:29-1:0-085AC00060000000
2017-11-27 13:12:46  [ main:24 ] - [ INFO ]  18FB7117缓速器工作:28-1:0-085AC00060000000
2017-11-27 13:12:46  [ main:24 ] - [ INFO ]  18FB7117ABS工作:27-1:0-085AC00060000000
2017-11-27 13:12:46  [ main:25 ] - [ INFO ]  18FB7117洗涤器开关:26-1:1-085AC00060000000
2017-11-27 13:12:46  [ main:25 ] - [ INFO ]  18FB7117雨刮开关:25-1:1-085AC00060000000
2017-11-27 13:12:46  [ main:25 ] - [ INFO ]  18FB7117司机扇开关:24-1:0-085AC00060000000
2017-11-27 13:12:46  [ main:25 ] - [ INFO ]  18FB7117里程:40-24:1260596.0-085AC00060000000
2017-11-27 13:12:46  [ main:26 ] - [ INFO ]  104C1992单体电压切断上限:0-16:3650-00000A280BB80E42
2017-11-27 13:12:46  [ main:27 ] - [ INFO ]  104C1992单体电压报警下限:16-16:3000-00000A280BB80E42
2017-11-27 13:12:46  [ main:27 ] - [ INFO ]  104C1992单体电压切断下限:32-16:2600-00000A280BB80E42
2017-11-27 13:12:46  [ main:27 ] - [ INFO ]  104C1992单体电压互差报警:48-16:0-00000A280BB80E42
2017-11-27 13:12:46  [ main:28 ] - [ INFO ]  18F502F0驱动电机转速:0-16:1747-000000EF08A706D3
2017-11-27 13:12:46  [ main:28 ] - [ INFO ]  18F502F0驱动电机转矩:16-16:215-000000EF08A706D3
2017-11-27 13:12:46  [ main:29 ] - [ INFO ]  18F502F0驱动电机功率:32-16:39-000000EF08A706D3
2017-11-27 13:12:46  [ main:29 ] - [ INFO ]  104C1993温度报警上限:0-16:55-00F009C409C4005F
2017-11-27 13:12:46  [ main:30 ] - [ INFO ]  104C1993额定最大充电电流:16-16:250.0-00F009C409C4005F
2017-11-27 13:12:46  [ main:30 ] - [ INFO ]  104C1993额定最大放电电流:32-16:250.0-00F009C409C4005F
2017-11-27 13:12:46  [ main:30 ] - [ INFO ]  104C1993额定容量:48-16:240-00F009C409C4005F
2017-11-27 13:12:46  [ main:31 ] - [ INFO ]  1801A79C通讯故障报警:3-2:0-F0011B7D67280001
2017-11-27 13:12:46  [ main:31 ] - [ INFO ]  1801A79C工作状态:1-2:0-F0011B7D67280001
2017-11-27 13:12:46  [ main:31 ] - [ INFO ]  1801A79C硬件故障:15-1:0-F0011B7D67280001
2017-11-27 13:12:46  [ main:32 ] - [ INFO ]  1801A79C输出短路故障:14-1:0-F0011B7D67280001
2017-11-27 13:12:46  [ main:32 ] - [ INFO ]  1801A79C输入欠压故障:13-1:0-F0011B7D67280001
2017-11-27 13:12:46  [ main:32 ] - [ INFO ]  1801A79C输入过压故障:12-1:0-F0011B7D67280001
2017-11-27 13:12:46  [ main:32 ] - [ INFO ]  1801A79C输出欠压故障:11-1:0-F0011B7D67280001
2017-11-27 13:12:46  [ main:33 ] - [ INFO ]  1801A79C输出过压故障:10-1:0-F0011B7D67280001
2017-11-27 13:12:46  [ main:33 ] - [ INFO ]  1801A79C输出过流故障:9-1:0-F0011B7D67280001
2017-11-27 13:12:46  [ main:33 ] - [ INFO ]  1801A79C温度故障:8-1:0-F0011B7D67280001
2017-11-27 13:12:46  [ main:33 ] - [ INFO ]  1801A79C输出电压:40-8:27-F0011B7D67280001
2017-11-27 13:12:46  [ main:34 ] - [ INFO ]  18FF297B负极绝缘报警:7-2:0-0000015201520100
2017-11-27 13:12:46  [ main:34 ] - [ INFO ]  18FF297B正极绝缘报警:1-2:0-0000015201520100
2017-11-27 13:12:46  [ main:34 ] - [ INFO ]  18FF297B正极绝缘阻值:8-16:20993-0000015201520100
2017-11-27 13:12:46  [ main:35 ] - [ INFO ]  18FF297B负极绝缘阻值:24-16:20993-0000015201520100
2017-11-27 13:12:46  [ main:37 ] - [ INFO ]  18FF297B单元工作状态:41-2:0-0000015201520100
2017-11-27 13:12:46  [ main:38 ] - [ INFO ]  18FF227B电池组欠压报警:7-2:0-0000000000000000
2017-11-27 13:12:46  [ main:38 ] - [ INFO ]  18FF227B电池组过压报警:5-2:0-0000000000000000
2017-11-27 13:12:46  [ main:39 ] - [ INFO ]  18FF227B电池组低温报警:3-2:0-0000000000000000
2017-11-27 13:12:46  [ main:39 ] - [ INFO ]  18FF227B电池组高温报警:1-2:0-0000000000000000
2017-11-27 13:12:46  [ main:39 ] - [ INFO ]  18FF227BSoc低报警:15-2:0-0000000000000000
2017-11-27 13:12:46  [ main:40 ] - [ INFO ]  18FF227BSoc高报警:13-2:0-0000000000000000
2017-11-27 13:12:46  [ main:40 ] - [ INFO ]  18FF227B电池组放电电流报警:11-2:0-0000000000000000
2017-11-27 13:12:46  [ main:40 ] - [ INFO ]  18FF227B电池组充电电流报警:9-2:0-0000000000000000
2017-11-27 13:12:46  [ main:41 ] - [ INFO ]  18FF227B电池温差大报警:23-2:0-0000000000000000
2017-11-27 13:12:46  [ main:41 ] - [ INFO ]  18FF227B单体电压不均报警:21-2:0-0000000000000000
2017-11-27 13:12:46  [ main:41 ] - [ INFO ]  18FF227B单体电池欠压报警:19-2:0-0000000000000000
2017-11-27 13:12:46  [ main:41 ] - [ INFO ]  18FF227B单体电池过压报警:17-2:0-0000000000000000
2017-11-27 13:12:46  [ main:42 ] - [ INFO ]  0CFFCAD0油泵控制器控制指令:0-8:170-0000000055AA55AA
2017-11-27 13:12:46  [ main:42 ] - [ INFO ]  0CFFCAD0气泵控制器控制指令:8-8:85-0000000055AA55AA
2017-11-27 13:12:46  [ main:42 ] - [ INFO ]  0CFFCAD0DC/DC控制指令:16-8:170-0000000055AA55AA
2017-11-27 13:12:46  [ main:42 ] - [ INFO ]  0CFFCAD0空调变频器控制指令:24-8:85-0000000055AA55AA
2017-11-27 13:12:46  [ main:43 ] - [ INFO ]  18FFA97B充电接触器控制:2-1:0-0000000000000000
2017-11-27 13:12:46  [ main:43 ] - [ INFO ]  18FFA97B电加热接触器控制:1-1:0-0000000000000000
2017-11-27 13:12:46  [ main:44 ] - [ INFO ]  18FB7017前气压:32-8:710-380049470000CF3F
2017-11-27 13:12:46  [ main:44 ] - [ INFO ]  18FB7017后气压:40-8:730-380049470000CF3F
2017-11-27 13:12:46  [ main:44 ] - [ INFO ]  18FB7017整车电压:56-8:28.0-380049470000CF3F
2017-11-27 13:12:46  [ main:45 ] - [ INFO ]  1801A79B电机运行状态:7-2:1-D02EEA013000CB40
2017-11-27 13:12:46  [ main:45 ] - [ INFO ]  1801A79B转子传感器故障:5-1:0-D02EEA013000CB40
2017-11-27 13:12:46  [ main:46 ] - [ INFO ]  1801A79B通讯故障:4-1:0-D02EEA013000CB40
2017-11-27 13:12:46  [ main:46 ] - [ INFO ]  1801A79B电机控制器温度报警:3-1:0-D02EEA013000CB40
2017-11-27 13:12:46  [ main:47 ] - [ INFO ]  1801A79B电机温度报警:2-1:0-D02EEA013000CB40
2017-11-27 13:12:46  [ main:47 ] - [ INFO ]  1801A79B短路、过流故障:1-2:2-D02EEA013000CB40
2017-11-27 13:12:46  [ main:47 ] - [ INFO ]  1801A79B电机功率:8-8:3-D02EEA013000CB40
2017-11-27 13:12:46  [ main:47 ] - [ INFO ]  0CF041D0控制模式切换:5-2:0-0000000000000011
2017-11-27 13:12:46  [ main:48 ] - [ INFO ]  0CF041D0电机控制模式:3-2:2-0000000000000011
2017-11-27 13:12:46  [ main:48 ] - [ INFO ]  0CF041D0电机控制状态:1-2:0-0000000000000011
2017-11-27 13:12:46  [ main:48 ] - [ INFO ]  13CC16B2最高充电电压:0-16:573.0-00009D0000001662
2017-11-27 13:12:46  [ main:48 ] - [ INFO ]  13CC16B2实际要求充电电流:16-16:0.0-00009D0000001662
2017-11-27 13:12:46  [ main:49 ] - [ INFO ]  13CC16B2控制:32-8:0-00009D0000001662
2017-11-27 13:12:46  [ main:49 ] - [ INFO ]  13CC16B2单体数:40-8:157-00009D0000001662
2017-11-27 13:12:46  [ main:49 ] - [ INFO ]  0CFFC9D0变速器挡位:5-4:0-001B00003F000A3E
2017-11-27 13:12:46  [ main:50 ] - [ INFO ]  0CFFC9D0换档器面板状态:1-2:1-001B00003F000A3E
2017-11-27 13:12:46  [ main:50 ] - [ INFO ]  0CFFC9D0电机超速状态:13-1:0-001B00003F000A3E
2017-11-27 13:12:46  [ main:51 ] - [ INFO ]  0CFFC9D0车速超速状态:12-1:1-001B00003F000A3E
2017-11-27 13:12:46  [ main:51 ] - [ INFO ]  0CFFC9D0高压上电状态:11-1:0-001B00003F000A3E
2017-11-27 13:12:46  [ main:51 ] - [ INFO ]  0CFFC9D0高压绝缘状态:10-1:0-001B00003F000A3E
2017-11-27 13:12:46  [ main:52 ] - [ INFO ]  0CFFC9D0整车控制器状态:9-2:0-001B00003F000A3E
2017-11-27 13:12:46  [ main:52 ] - [ INFO ]  0CFFC9D0车速:24-8:63-001B00003F000A3E
2017-11-27 13:12:46  [ main:52 ] - [ INFO ]  0CFFC9D0变速器执行器1故障:39-1:0-001B00003F000A3E
2017-11-27 13:12:46  [ main:53 ] - [ INFO ]  0CFFC9D0变速器传感器2故障:38-1:0-001B00003F000A3E
2017-11-27 13:12:46  [ main:53 ] - [ INFO ]  0CFFC9D0变速器传感器1故障:37-1:0-001B00003F000A3E
2017-11-27 13:12:46  [ main:53 ] - [ INFO ]  0CFFC9D0电机转速传感器故障:36-1:0-001B00003F000A3E
2017-11-27 13:12:46  [ main:53 ] - [ INFO ]  0CFFC9D0变速器传感器故障:35-1:0-001B00003F000A3E
2017-11-27 13:12:46  [ main:54 ] - [ INFO ]  0CFFC9D0加速踏板传感器故障:33-1:0-001B00003F000A3E
2017-11-27 13:12:46  [ main:54 ] - [ INFO ]  0CFFC9D0制动踏板传感器故障:32-1:0-001B00003F000A3E
2017-11-27 13:12:46  [ main:54 ] - [ INFO ]  0CFFC9D0变速器执行器2故障:40-1:0-001B00003F000A3E
2017-11-27 13:12:46  [ main:54 ] - [ INFO ]  0CFFC9D0加速踏板开度:48-8:27-001B00003F000A3E
2017-11-27 13:12:46  [ main:55 ] - [ INFO ]  0CFFC9D0制动踏板开度:56-8:0-001B00003F000A3E
2017-11-27 13:12:46  [ main:55 ] - [ INFO ]  18F501F0电机温度:0-8:34-0000050001F4434A
2017-11-27 13:12:46  [ main:55 ] - [ INFO ]  18F501F0电机控制器温度:8-8:27-0000050001F4434A
2017-11-27 13:12:46  [ main:56 ] - [ INFO ]  18F501F0母线电压:16-16:500-0000050001F4434A
2017-11-27 13:12:46  [ main:56 ] - [ INFO ]  18F501F0反转状态:44-1:0-0000050001F4434A
2017-11-27 13:12:46  [ main:56 ] - [ INFO ]  18F501F0制动状态:43-1:0-0000050001F4434A
2017-11-27 13:12:46  [ main:56 ] - [ INFO ]  18F501F0驱动状态:42-1:0-0000050001F4434A
2017-11-27 13:12:46  [ main:56 ] - [ INFO ]  18F501F0MCU自检状态:41-2:0-0000050001F4434A
2017-11-27 13:12:46  [ main:57 ] - [ INFO ]  18F501F0MCU故障:55-1:0-0000050001F4434A
2017-11-27 13:12:46  [ main:57 ] - [ INFO ]  18F501F0通讯故障报警:53-1:0-0000050001F4434A
2017-11-27 13:12:46  [ main:57 ] - [ INFO ]  18F501F0电机温度报警:52-1:0-0000050001F4434A
2017-11-27 13:12:46  [ main:58 ] - [ INFO ]  18F501F0电机控制器温度报警:51-1:0-0000050001F4434A
2017-11-27 13:12:46  [ main:58 ] - [ INFO ]  18F501F0短路、过流报警:50-1:0-0000050001F4434A
2017-11-27 13:12:46  [ main:58 ] - [ INFO ]  18F501F0电机欠压报警:49-1:0-0000050001F4434A
2017-11-27 13:12:46  [ main:59 ] - [ INFO ]  18F501F0电机过压报警:48-1:0-0000050001F4434A
2017-11-27 13:12:46  [ main:59 ] - [ INFO ]  18F501F0MCU故障代码:56-8:0-0000050001F4434A
2017-11-27 13:12:46  [ main:59 ] - [ INFO ]  18FF247B单体最高电压:0-16:3.21-4933013E01380141
2017-11-27 13:12:46  [ main:60 ] - [ INFO ]  18FF247B单体最低电压:16-16:3.12-4933013E01380141
2017-11-27 13:12:46  [ main:60 ] - [ INFO ]  18FF247B单体平均电压:32-16:3.18-4933013E01380141
2017-11-27 13:12:46  [ main:60 ] - [ INFO ]  18FF247B单体最高电压单体号:48-8:51-4933013E01380141
2017-11-27 13:12:46  [ main:61 ] - [ INFO ]  18FF247B单体最低电压单体号:56-8:73-4933013E01380141
2017-11-27 13:12:46  [ main:61 ] - [ INFO ]  1801A79D电机运行状态:7-2:1-0000EF012F00CD00
2017-11-27 13:12:46  [ main:61 ] - [ INFO ]  1801A79D转子传感器故障:5-1:0-0000EF012F00CD00
2017-11-27 13:12:46  [ main:61 ] - [ INFO ]  1801A79D通讯故障:4-1:0-0000EF012F00CD00
2017-11-27 13:12:46  [ main:62 ] - [ INFO ]  1801A79D电机控制器温度报警:3-1:0-0000EF012F00CD00
2017-11-27 13:12:46  [ main:62 ] - [ INFO ]  1801A79D电机温度报警:2-1:0-0000EF012F00CD00
2017-11-27 13:12:46  [ main:62 ] - [ INFO ]  1801A79D短路、过流故障:1-2:0-0000EF012F00CD00
2017-11-27 13:12:46  [ main:62 ] - [ INFO ]  1801A79D电机功率:8-8:5-0000EF012F00CD00
2017-11-27 13:12:46  [ main:63 ] - [ INFO ]  104C1991电池组总电压:0-16:500-0DDE004C239301F4
2017-11-27 13:12:46  [ main:63 ] - [ INFO ]  104C1991电池组Soc:32-16:76-0DDE004C239301F4
2017-11-27 13:12:46  [ main:63 ] - [ INFO ]  104C1991单体电压报警上限:48-16:3550-0DDE004C239301F4
2017-11-27 13:54:46  [ main:0 ] - [ INFO ]  18FF217B加热状态:7-2:3-16624C2B6B138B01
2017-11-27 13:54:46  [ main:5 ] - [ INFO ]  18FF217B充电连锁状态:5-2:0-16624C2B6B138B01
2017-11-27 13:54:46  [ main:6 ] - [ INFO ]  18FF217B内部总线状态:3-2:0-16624C2B6B138B01
2017-11-27 13:54:46  [ main:11 ] - [ INFO ]  18FF217BBMS系统工作状态:1-2:0-16624C2B6B138B01
2017-11-27 13:54:46  [ main:15 ] - [ INFO ]  18FF217B当前电池组总电压:8-16:500.3-16624C2B6B138B01
2017-11-27 13:54:46  [ main:15 ] - [ INFO ]  18FF217B当前电池组总电流:24-16:111.5-16624C2B6B138B01
2017-11-27 13:54:46  [ main:15 ] - [ INFO ]  18FF217B当前电池组Soc:40-8:76-16624C2B6B138B01
2017-11-27 13:54:46  [ main:16 ] - [ INFO ]  18FF217B电池组最大充电电压 :48-16:573.0-16624C2B6B138B01
2017-11-27 13:54:46  [ main:16 ] - [ INFO ]  18FB7117右转向:7-1:0-085AC00060000000
2017-11-27 13:54:46  [ main:17 ] - [ INFO ]  18FB7117左转向:6-1:0-085AC00060000000
2017-11-27 13:54:46  [ main:17 ] - [ INFO ]  18FB7117刹车灯:5-1:0-085AC00060000000
2017-11-27 13:54:46  [ main:17 ] - [ INFO ]  18FB7117倒车灯:4-1:0-085AC00060000000
2017-11-27 13:54:46  [ main:18 ] - [ INFO ]  18FB7117后雾灯:3-1:0-085AC00060000000
2017-11-27 13:54:46  [ main:18 ] - [ INFO ]  18FB7117前雾灯:2-1:0-085AC00060000000
2017-11-27 13:54:46  [ main:18 ] - [ INFO ]  18FB7117远光灯:1-1:0-085AC00060000000
2017-11-27 13:54:46  [ main:19 ] - [ INFO ]  18FB7117近光灯:0-1:0-085AC00060000000
2017-11-27 13:54:46  [ main:21 ] - [ INFO ]  18FB7117后门开信号:15-1:0-085AC00060000000
2017-11-27 13:54:46  [ main:21 ] - [ INFO ]  18FB7117前门开信号:14-1:0-085AC00060000000
2017-11-27 13:54:46  [ main:21 ] - [ INFO ]  18FB7117空档:12-1:0-085AC00060000000
2017-11-27 13:54:46  [ main:22 ] - [ INFO ]  18FB7117手刹信号:10-1:0-085AC00060000000
2017-11-27 13:54:46  [ main:22 ] - [ INFO ]  18FB7117厢灯2开关:9-1:0-085AC00060000000
2017-11-27 13:54:46  [ main:22 ] - [ INFO ]  18FB7117厢灯1开关:8-1:0-085AC00060000000
2017-11-27 13:54:46  [ main:22 ] - [ INFO ]  18FB7117路牌灯开关:23-1:0-085AC00060000000
2017-11-27 13:54:46  [ main:23 ] - [ INFO ]  18FB7117喇叭开关:22-1:0-085AC00060000000
2017-11-27 13:54:46  [ main:23 ] - [ INFO ]  18FB7117小灯开关:21-1:0-085AC00060000000
2017-11-27 13:54:46  [ main:23 ] - [ INFO ]  18FB7117水位过低信号:20-1:0-085AC00060000000
2017-11-27 13:54:46  [ main:23 ] - [ INFO ]  18FB7117空滤堵塞报警:19-1:0-085AC00060000000
2017-11-27 13:54:46  [ main:23 ] - [ INFO ]  18FB7117后舱门开关:18-1:0-085AC00060000000
2017-11-27 13:54:46  [ main:23 ] - [ INFO ]  18FB7117后应急门开关:17-1:0-085AC00060000000
2017-11-27 13:54:46  [ main:23 ] - [ INFO ]  18FB7117前应急门开关:16-1:0-085AC00060000000
2017-11-27 13:54:46  [ main:24 ] - [ INFO ]  18FB7117发动机舱温报警:31-1:0-085AC00060000000
2017-11-27 13:54:46  [ main:24 ] - [ INFO ]  18FB7117右蹄片磨损报警:30-1:0-085AC00060000000
2017-11-27 13:54:46  [ main:24 ] - [ INFO ]  18FB7117左蹄片磨损报警:29-1:0-085AC00060000000
2017-11-27 13:54:46  [ main:25 ] - [ INFO ]  18FB7117缓速器工作:28-1:0-085AC00060000000
2017-11-27 13:54:46  [ main:25 ] - [ INFO ]  18FB7117ABS工作:27-1:0-085AC00060000000
2017-11-27 13:54:46  [ main:26 ] - [ INFO ]  18FB7117洗涤器开关:26-1:1-085AC00060000000
2017-11-27 13:54:46  [ main:26 ] - [ INFO ]  18FB7117雨刮开关:25-1:1-085AC00060000000
2017-11-27 13:54:46  [ main:26 ] - [ INFO ]  18FB7117司机扇开关:24-1:0-085AC00060000000
2017-11-27 13:54:46  [ main:27 ] - [ INFO ]  18FB7117里程:40-24:1260596.0-085AC00060000000
2017-11-27 13:54:46  [ main:28 ] - [ INFO ]  104C1992单体电压切断上限:0-16:3650-00000A280BB80E42
2017-11-27 13:54:46  [ main:28 ] - [ INFO ]  104C1992单体电压报警下限:16-16:3000-00000A280BB80E42
2017-11-27 13:54:46  [ main:29 ] - [ INFO ]  104C1992单体电压切断下限:32-16:2600-00000A280BB80E42
2017-11-27 13:54:46  [ main:29 ] - [ INFO ]  104C1992单体电压互差报警:48-16:0-00000A280BB80E42
2017-11-27 13:54:46  [ main:30 ] - [ INFO ]  18F502F0驱动电机转速:0-16:1747-000000EF08A706D3
2017-11-27 13:54:46  [ main:30 ] - [ INFO ]  18F502F0驱动电机转矩:16-16:215-000000EF08A706D3
2017-11-27 13:54:46  [ main:30 ] - [ INFO ]  18F502F0驱动电机功率:32-16:39-000000EF08A706D3
2017-11-27 13:54:46  [ main:30 ] - [ INFO ]  104C1993温度报警上限:0-16:55-00F009C409C4005F
2017-11-27 13:54:46  [ main:31 ] - [ INFO ]  104C1993额定最大充电电流:16-16:250.0-00F009C409C4005F
2017-11-27 13:54:46  [ main:32 ] - [ INFO ]  104C1993额定最大放电电流:32-16:250.0-00F009C409C4005F
2017-11-27 13:54:46  [ main:32 ] - [ INFO ]  104C1993额定容量:48-16:240-00F009C409C4005F
2017-11-27 13:54:46  [ main:33 ] - [ INFO ]  1801A79C通讯故障报警:3-2:0-F0011B7D67280001
2017-11-27 13:54:46  [ main:33 ] - [ INFO ]  1801A79C工作状态:1-2:0-F0011B7D67280001
2017-11-27 13:54:46  [ main:34 ] - [ INFO ]  1801A79C硬件故障:15-1:0-F0011B7D67280001
2017-11-27 13:54:46  [ main:34 ] - [ INFO ]  1801A79C输出短路故障:14-1:0-F0011B7D67280001
2017-11-27 13:54:46  [ main:34 ] - [ INFO ]  1801A79C输入欠压故障:13-1:0-F0011B7D67280001
2017-11-27 13:54:46  [ main:35 ] - [ INFO ]  1801A79C输入过压故障:12-1:0-F0011B7D67280001
2017-11-27 13:54:46  [ main:35 ] - [ INFO ]  1801A79C输出欠压故障:11-1:0-F0011B7D67280001
2017-11-27 13:54:46  [ main:35 ] - [ INFO ]  1801A79C输出过压故障:10-1:0-F0011B7D67280001
2017-11-27 13:54:46  [ main:36 ] - [ INFO ]  1801A79C输出过流故障:9-1:0-F0011B7D67280001
2017-11-27 13:54:46  [ main:36 ] - [ INFO ]  1801A79C温度故障:8-1:0-F0011B7D67280001
2017-11-27 13:54:46  [ main:37 ] - [ INFO ]  1801A79C输出电压:40-8:27-F0011B7D67280001
2017-11-27 13:54:46  [ main:37 ] - [ INFO ]  18FF297B负极绝缘报警:7-2:0-0000015201520100
2017-11-27 13:54:46  [ main:37 ] - [ INFO ]  18FF297B正极绝缘报警:1-2:0-0000015201520100
2017-11-27 13:54:46  [ main:38 ] - [ INFO ]  18FF297B正极绝缘阻值:8-16:20993-0000015201520100
2017-11-27 13:54:46  [ main:38 ] - [ INFO ]  18FF297B负极绝缘阻值:24-16:20993-0000015201520100
2017-11-27 13:54:46  [ main:38 ] - [ INFO ]  18FF297B单元工作状态:41-2:0-0000015201520100
2017-11-27 13:54:46  [ main:39 ] - [ INFO ]  18FF227B电池组欠压报警:7-2:0-0000000000000000
2017-11-27 13:54:46  [ main:39 ] - [ INFO ]  18FF227B电池组过压报警:5-2:0-0000000000000000
2017-11-27 13:54:46  [ main:39 ] - [ INFO ]  18FF227B电池组低温报警:3-2:0-0000000000000000
2017-11-27 13:54:46  [ main:40 ] - [ INFO ]  18FF227B电池组高温报警:1-2:0-0000000000000000
2017-11-27 13:54:46  [ main:40 ] - [ INFO ]  18FF227BSoc低报警:15-2:0-0000000000000000
2017-11-27 13:54:46  [ main:41 ] - [ INFO ]  18FF227BSoc高报警:13-2:0-0000000000000000
2017-11-27 13:54:46  [ main:41 ] - [ INFO ]  18FF227B电池组放电电流报警:11-2:0-0000000000000000
2017-11-27 13:54:46  [ main:41 ] - [ INFO ]  18FF227B电池组充电电流报警:9-2:0-0000000000000000
2017-11-27 13:54:46  [ main:41 ] - [ INFO ]  18FF227B电池温差大报警:23-2:0-0000000000000000
2017-11-27 13:54:46  [ main:42 ] - [ INFO ]  18FF227B单体电压不均报警:21-2:0-0000000000000000
2017-11-27 13:54:46  [ main:42 ] - [ INFO ]  18FF227B单体电池欠压报警:19-2:0-0000000000000000
2017-11-27 13:54:46  [ main:42 ] - [ INFO ]  18FF227B单体电池过压报警:17-2:0-0000000000000000
2017-11-27 13:54:46  [ main:42 ] - [ INFO ]  0CFFCAD0油泵控制器控制指令:0-8:170-0000000055AA55AA
2017-11-27 13:54:46  [ main:43 ] - [ INFO ]  0CFFCAD0气泵控制器控制指令:8-8:85-0000000055AA55AA
2017-11-27 13:54:46  [ main:43 ] - [ INFO ]  0CFFCAD0DC/DC控制指令:16-8:170-0000000055AA55AA
2017-11-27 13:54:46  [ main:43 ] - [ INFO ]  0CFFCAD0空调变频器控制指令:24-8:85-0000000055AA55AA
2017-11-27 13:54:46  [ main:43 ] - [ INFO ]  18FFA97B充电接触器控制:2-1:0-0000000000000000
2017-11-27 13:54:46  [ main:43 ] - [ INFO ]  18FFA97B电加热接触器控制:1-1:0-0000000000000000
2017-11-27 13:54:46  [ main:43 ] - [ INFO ]  18FB7017前气压:32-8:710-380049470000CF3F
2017-11-27 13:54:46  [ main:44 ] - [ INFO ]  18FB7017后气压:40-8:730-380049470000CF3F
2017-11-27 13:54:46  [ main:44 ] - [ INFO ]  18FB7017整车电压:56-8:28.0-380049470000CF3F
2017-11-27 13:54:46  [ main:44 ] - [ INFO ]  1801A79B电机运行状态:7-2:1-D02EEA013000CB40
2017-11-27 13:54:46  [ main:45 ] - [ INFO ]  1801A79B转子传感器故障:5-1:0-D02EEA013000CB40
2017-11-27 13:54:46  [ main:45 ] - [ INFO ]  1801A79B通讯故障:4-1:0-D02EEA013000CB40
2017-11-27 13:54:46  [ main:45 ] - [ INFO ]  1801A79B电机控制器温度报警:3-1:0-D02EEA013000CB40
2017-11-27 13:54:46  [ main:46 ] - [ INFO ]  1801A79B电机温度报警:2-1:0-D02EEA013000CB40
2017-11-27 13:54:46  [ main:46 ] - [ INFO ]  1801A79B短路、过流故障:1-2:2-D02EEA013000CB40
2017-11-27 13:54:46  [ main:46 ] - [ INFO ]  1801A79B电机功率:8-8:3-D02EEA013000CB40
2017-11-27 13:54:46  [ main:46 ] - [ INFO ]  0CF041D0控制模式切换:5-2:0-0000000000000011
2017-11-27 13:54:46  [ main:46 ] - [ INFO ]  0CF041D0电机控制模式:3-2:2-0000000000000011
2017-11-27 13:54:46  [ main:47 ] - [ INFO ]  0CF041D0电机控制状态:1-2:0-0000000000000011
2017-11-27 13:54:46  [ main:47 ] - [ INFO ]  13CC16B2最高充电电压:0-16:573.0-00009D0000001662
2017-11-27 13:54:46  [ main:48 ] - [ INFO ]  13CC16B2实际要求充电电流:16-16:0.0-00009D0000001662
2017-11-27 13:54:46  [ main:48 ] - [ INFO ]  13CC16B2控制:32-8:0-00009D0000001662
2017-11-27 13:54:46  [ main:49 ] - [ INFO ]  13CC16B2单体数:40-8:157-00009D0000001662
2017-11-27 13:54:46  [ main:49 ] - [ INFO ]  0CFFC9D0变速器挡位:5-4:0-001B00003F000A3E
2017-11-27 13:54:46  [ main:49 ] - [ INFO ]  0CFFC9D0换档器面板状态:1-2:1-001B00003F000A3E
2017-11-27 13:54:46  [ main:49 ] - [ INFO ]  0CFFC9D0电机超速状态:13-1:0-001B00003F000A3E
2017-11-27 13:54:46  [ main:50 ] - [ INFO ]  0CFFC9D0车速超速状态:12-1:1-001B00003F000A3E
2017-11-27 13:54:46  [ main:50 ] - [ INFO ]  0CFFC9D0高压上电状态:11-1:0-001B00003F000A3E
2017-11-27 13:54:46  [ main:50 ] - [ INFO ]  0CFFC9D0高压绝缘状态:10-1:0-001B00003F000A3E
2017-11-27 13:54:46  [ main:50 ] - [ INFO ]  0CFFC9D0整车控制器状态:9-2:0-001B00003F000A3E
2017-11-27 13:54:46  [ main:51 ] - [ INFO ]  0CFFC9D0车速:24-8:63-001B00003F000A3E
2017-11-27 13:54:46  [ main:51 ] - [ INFO ]  0CFFC9D0变速器执行器1故障:39-1:0-001B00003F000A3E
2017-11-27 13:54:46  [ main:51 ] - [ INFO ]  0CFFC9D0变速器传感器2故障:38-1:0-001B00003F000A3E
2017-11-27 13:54:46  [ main:51 ] - [ INFO ]  0CFFC9D0变速器传感器1故障:37-1:0-001B00003F000A3E
2017-11-27 13:54:46  [ main:52 ] - [ INFO ]  0CFFC9D0电机转速传感器故障:36-1:0-001B00003F000A3E
2017-11-27 13:54:46  [ main:52 ] - [ INFO ]  0CFFC9D0变速器传感器故障:35-1:0-001B00003F000A3E
2017-11-27 13:54:46  [ main:52 ] - [ INFO ]  0CFFC9D0加速踏板传感器故障:33-1:0-001B00003F000A3E
2017-11-27 13:54:46  [ main:53 ] - [ INFO ]  0CFFC9D0制动踏板传感器故障:32-1:0-001B00003F000A3E
2017-11-27 13:54:46  [ main:53 ] - [ INFO ]  0CFFC9D0变速器执行器2故障:40-1:0-001B00003F000A3E
2017-11-27 13:54:46  [ main:53 ] - [ INFO ]  0CFFC9D0加速踏板开度:48-8:27-001B00003F000A3E
2017-11-27 13:54:46  [ main:53 ] - [ INFO ]  0CFFC9D0制动踏板开度:56-8:0-001B00003F000A3E
2017-11-27 13:54:46  [ main:54 ] - [ INFO ]  18F501F0电机温度:0-8:34-0000050001F4434A
2017-11-27 13:54:46  [ main:54 ] - [ INFO ]  18F501F0电机控制器温度:8-8:27-0000050001F4434A
2017-11-27 13:54:46  [ main:54 ] - [ INFO ]  18F501F0母线电压:16-16:500-0000050001F4434A
2017-11-27 13:54:46  [ main:55 ] - [ INFO ]  18F501F0反转状态:44-1:0-0000050001F4434A
2017-11-27 13:54:46  [ main:55 ] - [ INFO ]  18F501F0制动状态:43-1:0-0000050001F4434A
2017-11-27 13:54:46  [ main:55 ] - [ INFO ]  18F501F0驱动状态:42-1:0-0000050001F4434A
2017-11-27 13:54:46  [ main:55 ] - [ INFO ]  18F501F0MCU自检状态:41-2:0-0000050001F4434A
2017-11-27 13:54:46  [ main:55 ] - [ INFO ]  18F501F0MCU故障:55-1:0-0000050001F4434A
2017-11-27 13:54:46  [ main:56 ] - [ INFO ]  18F501F0通讯故障报警:53-1:0-0000050001F4434A
2017-11-27 13:54:46  [ main:56 ] - [ INFO ]  18F501F0电机温度报警:52-1:0-0000050001F4434A
2017-11-27 13:54:46  [ main:56 ] - [ INFO ]  18F501F0电机控制器温度报警:51-1:0-0000050001F4434A
2017-11-27 13:54:46  [ main:56 ] - [ INFO ]  18F501F0短路、过流报警:50-1:0-0000050001F4434A
2017-11-27 13:54:46  [ main:57 ] - [ INFO ]  18F501F0电机欠压报警:49-1:0-0000050001F4434A
2017-11-27 13:54:46  [ main:57 ] - [ INFO ]  18F501F0电机过压报警:48-1:0-0000050001F4434A
2017-11-27 13:54:46  [ main:57 ] - [ INFO ]  18F501F0MCU故障代码:56-8:0-0000050001F4434A
2017-11-27 13:54:46  [ main:57 ] - [ INFO ]  18FF247B单体最高电压:0-16:3.21-4933013E01380141
2017-11-27 13:54:46  [ main:57 ] - [ INFO ]  18FF247B单体最低电压:16-16:3.12-4933013E01380141
2017-11-27 13:54:46  [ main:58 ] - [ INFO ]  18FF247B单体平均电压:32-16:3.18-4933013E01380141
2017-11-27 13:54:46  [ main:58 ] - [ INFO ]  18FF247B单体最高电压单体号:48-8:51-4933013E01380141
2017-11-27 13:54:46  [ main:58 ] - [ INFO ]  18FF247B单体最低电压单体号:56-8:73-4933013E01380141
2017-11-27 13:54:46  [ main:59 ] - [ INFO ]  1801A79D电机运行状态:7-2:1-0000EF012F00CD00
2017-11-27 13:54:46  [ main:59 ] - [ INFO ]  1801A79D转子传感器故障:5-1:0-0000EF012F00CD00
2017-11-27 13:54:46  [ main:59 ] - [ INFO ]  1801A79D通讯故障:4-1:0-0000EF012F00CD00
2017-11-27 13:54:46  [ main:59 ] - [ INFO ]  1801A79D电机控制器温度报警:3-1:0-0000EF012F00CD00
2017-11-27 13:54:46  [ main:59 ] - [ INFO ]  1801A79D电机温度报警:2-1:0-0000EF012F00CD00
2017-11-27 13:54:46  [ main:59 ] - [ INFO ]  1801A79D短路、过流故障:1-2:0-0000EF012F00CD00
2017-11-27 13:54:46  [ main:60 ] - [ INFO ]  1801A79D电机功率:8-8:5-0000EF012F00CD00
2017-11-27 13:54:46  [ main:60 ] - [ INFO ]  104C1991电池组总电压:0-16:500-0DDE004C239301F4
2017-11-27 13:54:46  [ main:60 ] - [ INFO ]  104C1991电池组Soc:32-16:76-0DDE004C239301F4
2017-11-27 13:54:46  [ main:60 ] - [ INFO ]  104C1991单体电压报警上限:48-16:3550-0DDE004C239301F4
